AndroidPlatformFactory.RegisterBuildPlatforms: UnrealBuildTool.AndroidPlatformSDK has no valid SDK
IOSPlatformFactory.RegisterBuildPlatforms: UnrealBuildTool.IOSPlatformSDK using manually installed SDK
LinuxPlatformFactory.RegisterBuildPlatforms: UnrealBuildTool.LinuxPlatformSDK has no valid SDK
WindowsPlatformFactory.RegisterBuildPlatforms: UnrealBuildTool.WindowsPlatformSDK using manually installed SDK
ProjectFileGenerator.GenerateProjectFiles: Discovering modules, targets and source code for project...
WindowsPlatform.FindVisualStudioInstallations: Found Visual Studio installation: H:\Program Files (x86)\Microsoft Visual Studio\2019\Professional (Product=Microsoft.VisualStudio.Product.Professional, Version=16.8.30804.86)
WindowsPlatform.FindVisualStudioToolChains: Found Visual Studio toolchain: H:\Program Files (x86)\Microsoft Visual Studio\2019\Professional\VC\Tools\MSVC\14.28.29333 (Version=14.28.29335)
WindowsPlatform.UpdateCachedWindowsSdks: Found Windows 8.1 SDK at C:\Program Files (x86)\Windows Kits\8.1
WindowsPlatform.EnumerateSdkRootDirs: Found Windows 10 SDK root at H:\Windows Kits\10 (1)
WindowsPlatform.EnumerateSdkRootDirs: Found Windows 10 SDK root at H:\Windows Kits\10 (2)
WindowsPlatform.UpdateCachedWindowsSdks: Found Universal CRT version 10.0.10240.0 at H:\Windows Kits\10
WindowsPlatform.UpdateCachedWindowsSdks: Found Windows 10 SDK version 10.0.17763.0 at H:\Windows Kits\10
WindowsPlatform.UpdateCachedWindowsSdks: Found Universal CRT version 10.0.17763.0 at H:\Windows Kits\10
WindowsPlatform.UpdateCachedWindowsSdks: Found Windows 10 SDK version 10.0.18362.0 at H:\Windows Kits\10
WindowsPlatform.UpdateCachedWindowsSdks: Found Universal CRT version 10.0.18362.0 at H:\Windows Kits\10
DynamicCompilation.RequiresCompilation: Compiling G:\ShooterGame\Intermediate\Build\BuildRules\ShooterGameModuleRules.dll: Assembly does not exist
Log.PushStatus: Binding IntelliSense data...
ProgressWriter.Write: @progress 'Binding IntelliSense data...' 0%
UEBuildTarget.AddPlugin: Enabling plugin 'Paper2D' (referenced via default plugins)
UEBuildTarget.AddPlugin: Enabling plugin 'AISupport' (referenced via default plugins)
UEBuildTarget.AddPlugin: Enabling plugin 'EnvironmentQueryEditor' (referenced via default plugins)
UEBuildTarget.AddPlugin: Enabling plugin 'LightPropagationVolume' (referenced via default plugins)
UEBuildTarget.AddPlugin: Enabling plugin 'CameraShakePreviewer' (referenced via default plugins)
UEBuildTarget.AddPlugin: Enabling plugin 'AnimationSharing' (referenced via default plugins)
UEBuildTarget.AddPlugin: Enabling plugin 'SignificanceManager' (referenced via default plugins -> AnimationSharing.uplugin)
UEBuildTarget.AddPlugin: Enabling plugin 'CLionSourceCodeAccess' (referenced via default plugins)
UEBuildTarget.AddPlugin: Enabling plugin 'CodeLiteSourceCodeAccess' (referenced via default plugins)
UEBuildTarget.AddPlugin: Enabling plugin 'GitSourceControl' (referenced via default plugins)
UEBuildTarget.AddPlugin: Enabling plugin 'KDevelopSourceCodeAccess' (referenced via default plugins)
UEBuildTarget.AddPlugin: Enabling plugin 'NullSourceCodeAccess' (referenced via default plugins)
UEBuildTarget.AddPlugin: Enabling plugin 'PerforceSourceControl' (referenced via default plugins)
UEBuildTarget.AddPlugin: Enabling plugin 'PlasticSourceControl' (referenced via default plugins)
UEBuildTarget.AddPlugin: Enabling plugin 'PluginUtils' (referenced via default plugins)
UEBuildTarget.AddPlugin: Enabling plugin 'PropertyAccessNode' (referenced via default plugins)
UEBuildTarget.AddPlugin: Enabling plugin 'PropertyAccessEditor' (referenced via default plugins -> PropertyAccessNode.uplugin)
UEBuildTarget.AddPlugin: Enabling plugin 'RiderSourceCodeAccess' (referenced via default plugins)
UEBuildTarget.AddPlugin: Enabling plugin 'SubversionSourceControl' (referenced via default plugins)
UEBuildTarget.AddPlugin: Enabling plugin 'UObjectPlugin' (referenced via default plugins)
UEBuildTarget.AddPlugin: Enabling plugin 'VisualStudioCodeSourceCodeAccess' (referenced via default plugins)
UEBuildTarget.AddPlugin: Enabling plugin 'VisualStudioSourceCodeAccess' (referenced via default plugins)
UEBuildTarget.AddPlugin: Enabling plugin 'XCodeSourceCodeAccess' (referenced via default plugins)
UEBuildTarget.AddPlugin: Enabling plugin 'AssetManagerEditor' (referenced via default plugins)
UEBuildTarget.AddPlugin: Enabling plugin 'ContentBrowserAssetDataSource' (referenced via default plugins)
UEBuildTarget.AddPlugin: Enabling plugin 'ContentBrowserClassDataSource' (referenced via default plugins)
UEBuildTarget.AddPlugin: Enabling plugin 'CryptoKeys' (referenced via default plugins)
UEBuildTarget.AddPlugin: Enabling plugin 'CurveEditorTools' (referenced via default plugins)
UEBuildTarget.AddPlugin: Enabling plugin 'DataValidation' (referenced via default plugins)
UEBuildTarget.AddPlugin: Enabling plugin 'FacialAnimation' (referenced via default plugins)
UEBuildTarget.AddPlugin: Enabling plugin 'GameplayTagsEditor' (referenced via default plugins)
UEBuildTarget.AddPlugin: Enabling plugin 'GeometryMode' (referenced via default plugins)
UEBuildTarget.AddPlugin: Enabling plugin 'MacGraphicsSwitching' (referenced via default plugins)
UEBuildTarget.AddPlugin: Enabling plugin 'MaterialAnalyzer' (referenced via default plugins)
UEBuildTarget.AddPlugin: Enabling plugin 'MobileLauncherProfileWizard' (referenced via default plugins)
UEBuildTarget.AddPlugin: Enabling plugin 'PluginBrowser' (referenced via default plugins)
UEBuildTarget.AddPlugin: Enabling plugin 'SpeedTreeImporter' (referenced via default plugins)
UEBuildTarget.AddPlugin: Enabling plugin 'DatasmithContent' (referenced via default plugins)
UEBuildTarget.AddPlugin: Enabling plugin 'VariantManagerContent' (referenced via default plugins -> DatasmithContent.uplugin)
UEBuildTarget.AddPlugin: Enabling plugin 'AlembicImporter' (referenced via default plugins)
UEBuildTarget.AddPlugin: Enabling plugin 'GeometryCache' (referenced via default plugins -> AlembicImporter.uplugin)
UEBuildTarget.AddPlugin: Enabling plugin 'AutomationUtils' (referenced via default plugins)
UEBuildTarget.AddPlugin: Enabling plugin 'ScreenshotTools' (referenced via default plugins -> AutomationUtils.uplugin)
UEBuildTarget.AddPlugin: Enabling plugin 'BackChannel' (referenced via default plugins)
UEBuildTarget.AddPlugin: Enabling plugin 'ChaosClothEditor' (referenced via default plugins)
UEBuildTarget.AddPlugin: Enabling plugin 'ChaosCloth' (referenced via default plugins -> ChaosClothEditor.uplugin)
UEBuildTarget.AddPlugin: Enabling plugin 'ChaosEditor' (referenced via default plugins)
UEBuildTarget.AddPlugin: Enabling plugin 'PlanarCut' (referenced via default plugins -> ChaosEditor.uplugin)
UEBuildTarget.AddPlugin: Enabling plugin 'GeometryProcessing' (referenced via default plugins -> ChaosEditor.uplugin -> PlanarCut.uplugin)
UEBuildTarget.AddPlugin: Enabling plugin 'EditableMesh' (referenced via default plugins -> ChaosEditor.uplugin)
UEBuildTarget.AddPlugin: Enabling plugin 'GeometryCollectionPlugin' (referenced via default plugins -> ChaosEditor.uplugin)
UEBuildTarget.AddPlugin: Enabling plugin 'ProceduralMeshComponent' (referenced via default plugins -> ChaosEditor.uplugin -> GeometryCollectionPlugin.uplugin)
UEBuildTarget.AddPlugin: Enabling plugin 'ChaosSolverPlugin' (referenced via default plugins -> ChaosEditor.uplugin -> GeometryCollectionPlugin.uplugin)
UEBuildTarget.AddPlugin: Enabling plugin 'ChaosNiagara' (referenced via default plugins)
UEBuildTarget.AddPlugin: Enabling plugin 'Niagara' (referenced via default plugins -> ChaosNiagara.uplugin)
UEBuildTarget.AddPlugin: Enabling plugin 'CharacterAI' (referenced via default plugins)
UEBuildTarget.AddPlugin: Enabling plugin 'MotoSynth' (referenced via default plugins)
UEBuildTarget.AddPlugin: Enabling plugin 'PlatformCrypto' (referenced via default plugins)
UEBuildTarget.AddPlugin: Enabling plugin 'ProxyLODPlugin' (referenced via default plugins)
UEBuildTarget.AddPlugin: Enabling plugin 'SkeletalReduction' (referenced via default plugins)
UEBuildTarget.AddPlugin: Enabling plugin 'LuminPlatformFeatures' (referenced via default plugins)
UEBuildTarget.AddPlugin: Enabling plugin 'MLSDK' (referenced via default plugins -> LuminPlatformFeatures.uplugin)
LuminSDKVersionHelper.HasAnySDK: *** Unable to determine MLSDK location ***
UEBuildTarget.AddPlugin: Enabling plugin 'MagicLeapMedia' (referenced via default plugins)
UEBuildTarget.AddPlugin: Enabling plugin 'MagicLeap' (referenced via default plugins -> MagicLeapMedia.uplugin)
UEBuildTarget.AddPlugin: Enabling plugin 'MagicLeapPassableWorld' (referenced via default plugins -> MagicLeapMedia.uplugin -> MagicLeap.uplugin)
UEBuildTarget.AddPlugin: Enabling plugin 'MagicLeapLightEstimation' (referenced via default plugins -> MagicLeapMedia.uplugin -> MagicLeap.uplugin)
UEBuildTarget.AddPlugin: Enabling plugin 'AndroidMedia' (referenced via default plugins)
UEBuildTarget.AddPlugin: Enabling plugin 'AvfMedia' (referenced via default plugins)
UEBuildTarget.AddPlugin: Enabling plugin 'ImgMedia' (referenced via default plugins)
UEBuildTarget.AddPlugin: Enabling plugin 'MediaCompositing' (referenced via default plugins)
UEBuildTarget.AddPlugin: Enabling plugin 'MediaPlayerEditor' (referenced via default plugins)
UEBuildTarget.AddPlugin: Enabling plugin 'WmfMedia' (referenced via default plugins)
UEBuildTarget.AddPlugin: Enabling plugin 'MeshPainting' (referenced via default plugins)
UEBuildTarget.AddPlugin: Enabling plugin 'TcpMessaging' (referenced via default plugins)
UEBuildTarget.AddPlugin: Enabling plugin 'UdpMessaging' (referenced via default plugins)
UEBuildTarget.AddPlugin: Enabling plugin 'ActorSequence' (referenced via default plugins)
UEBuildTarget.AddPlugin: Enabling plugin 'LevelSequenceEditor' (referenced via default plugins)
UEBuildTarget.AddPlugin: Enabling plugin 'MatineeToLevelSequence' (referenced via default plugins)
UEBuildTarget.AddPlugin: Enabling plugin 'TemplateSequence' (referenced via default plugins -> MatineeToLevelSequence.uplugin)
UEBuildTarget.AddPlugin: Enabling plugin 'OnlineSubsystemGooglePlay' (referenced via default plugins)
UEBuildTarget.AddPlugin: Enabling plugin 'OnlineSubsystem' (referenced via default plugins -> OnlineSubsystemGooglePlay.uplugin)
UEBuildTarget.AddPlugin: Enabling plugin 'AndroidPermission' (referenced via default plugins -> OnlineSubsystemGooglePlay.uplugin)
UEBuildTarget.AddPlugin: Enabling plugin 'OnlineSubsystemIOS' (referenced via default plugins)
UEBuildTarget.AddPlugin: Enabling plugin 'OnlineSubsystemNull' (referenced via default plugins)
UEBuildTarget.AddPlugin: Enabling plugin 'OnlineSubsystemUtils' (referenced via default plugins -> OnlineSubsystemNull.uplugin)
UEBuildTarget.AddPlugin: Enabling plugin 'LauncherChunkInstaller' (referenced via default plugins)
UEBuildTarget.AddPlugin: Enabling plugin 'ActorLayerUtilities' (referenced via default plugins)
UEBuildTarget.AddPlugin: Enabling plugin 'AndroidDeviceProfileSelector' (referenced via default plugins)
UEBuildTarget.AddPlugin: Enabling plugin 'AndroidMoviePlayer' (referenced via default plugins)
UEBuildTarget.AddPlugin: Enabling plugin 'AppleImageUtils' (referenced via default plugins)
UEBuildTarget.AddPlugin: Enabling plugin 'AppleMoviePlayer' (referenced via default plugins)
UEBuildTarget.AddPlugin: Enabling plugin 'ArchVisCharacter' (referenced via default plugins)
UEBuildTarget.AddPlugin: Enabling plugin 'AssetTags' (referenced via default plugins)
UEBuildTarget.AddPlugin: Enabling plugin 'AudioCapture' (referenced via default plugins)
UEBuildTarget.AddPlugin: Enabling plugin 'CableComponent' (referenced via default plugins)
UEBuildTarget.AddPlugin: Enabling plugin 'ChunkDownloader' (referenced via default plugins)
UEBuildTarget.AddPlugin: Enabling plugin 'CustomMeshComponent' (referenced via default plugins)
UEBuildTarget.AddPlugin: Enabling plugin 'ExampleDeviceProfileSelector' (referenced via default plugins)
UEBuildTarget.AddPlugin: Enabling plugin 'GoogleCloudMessaging' (referenced via default plugins)
UEBuildTarget.AddPlugin: Enabling plugin 'GooglePAD' (referenced via default plugins)
UEBuildTarget.AddPlugin: Enabling plugin 'IOSDeviceProfileSelector' (referenced via default plugins)
UEBuildTarget.AddPlugin: Enabling plugin 'LinuxDeviceProfileSelector' (referenced via default plugins)
UEBuildTarget.AddPlugin: Enabling plugin 'LocationServicesBPLibrary' (referenced via default plugins)
UEBuildTarget.AddPlugin: Enabling plugin 'MobilePatchingUtils' (referenced via default plugins)
UEBuildTarget.AddPlugin: Enabling plugin 'OculusVR' (referenced via default plugins)
UEBuildTarget.AddPlugin: Enabling plugin 'PhysXVehicles' (referenced via default plugins)
UEBuildTarget.AddPlugin: Enabling plugin 'PostSplashScreen' (referenced via default plugins)
UEBuildTarget.AddPlugin: Enabling plugin 'RuntimePhysXCooking' (referenced via default plugins)
UEBuildTarget.AddPlugin: Enabling plugin 'SoundFields' (referenced via default plugins)
UEBuildTarget.AddPlugin: Enabling plugin 'SteamVR' (referenced via default plugins)
UEBuildTarget.AddPlugin: Enabling plugin 'Synthesis' (referenced via default plugins)
UEBuildTarget.AddPlugin: Enabling plugin 'AudioSynesthesia' (referenced via default plugins -> Synthesis.uplugin)
UEBuildTarget.AddPlugin: Enabling plugin 'WebMMoviePlayer' (referenced via default plugins)
UEBuildTarget.AddPlugin: Enabling plugin 'WebMMedia' (referenced via default plugins -> WebMMoviePlayer.uplugin)
UEBuildTarget.AddPlugin: Enabling plugin 'WindowsMoviePlayer' (referenced via default plugins)
UEBuildTarget.AddPlugin: Enabling plugin 'XGEController' (referenced via default plugins)
LuminSDKVersionHelper.HasAnySDK: *** Unable to determine MLSDK location ***
VCToolChain..ctor: Compiler: H:\Program Files (x86)\Microsoft Visual Studio\2019\Professional\VC\Tools\MSVC\14.28.29333\bin\HostX64\x64\cl.exe
VCToolChain..ctor: Linker: H:\Program Files (x86)\Microsoft Visual Studio\2019\Professional\VC\Tools\MSVC\14.28.29333\bin\HostX64\x64\link.exe
VCToolChain..ctor: Library Manager: H:\Program Files (x86)\Microsoft Visual Studio\2019\Professional\VC\Tools\MSVC\14.28.29333\bin\HostX64\x64\lib.exe
VCToolChain..ctor: Resource Compiler: H:\Windows Kits\10\bin\10.0.18362.0\x64\rc.exe
ProgressWriter.Write: @progress 'Binding IntelliSense data...' 50%
UEBuildTarget.AddPlugin: Enabling plugin 'PlatformCrypto' (referenced via ShooterGame.uproject)
UEBuildTarget.AddPlugin: Enabling plugin 'AESHandlerComponent' (referenced via ShooterGame.uproject)
UEBuildTarget.AddPlugin: Enabling plugin 'OnlineSubsystem' (referenced via ShooterGame.uproject)
UEBuildTarget.AddPlugin: Enabling plugin 'OnlineSubsystemUtils' (referenced via ShooterGame.uproject)
UEBuildTarget.AddPlugin: Enabling plugin 'OnlineSubsystemSteam' (referenced via ShooterGame.uproject)
UEBuildTarget.AddPlugin: Enabling plugin 'SteamShared' (referenced via ShooterGame.uproject -> OnlineSubsystemSteam.uplugin)
UEBuildTarget.AddPlugin: Ignoring plugin 'OnlineSubsystemPS4' (referenced via ShooterGame.uproject) for platform/configuration
UEBuildTarget.AddPlugin: Ignoring plugin 'OnlineSubsystemLive' (referenced via ShooterGame.uproject) for platform/configuration
UEBuildTarget.AddPlugin: Enabling plugin 'OnlineSubsystemNull' (referenced via ShooterGame.uproject)
UEBuildTarget.AddPlugin: Enabling plugin 'SteamController' (referenced via ShooterGame.uproject)
UEBuildTarget.AddPlugin: Enabling plugin 'ReplicationGraph' (referenced via ShooterGame.uproject)
UEBuildTarget.AddPlugin: Enabling plugin 'Gauntlet' (referenced via ShooterGame.uproject)
UEBuildTarget.AddPlugin: Enabling plugin 'Synthesis' (referenced via ShooterGame.uproject)
UEBuildTarget.AddPlugin: Enabling plugin 'AudioSynesthesia' (referenced via ShooterGame.uproject -> Synthesis.uplugin)
UEBuildTarget.AddPlugin: Enabling plugin 'Paper2D' (referenced via default plugins)
UEBuildTarget.AddPlugin: Enabling plugin 'AISupport' (referenced via default plugins)
UEBuildTarget.AddPlugin: Enabling plugin 'EnvironmentQueryEditor' (referenced via default plugins)
UEBuildTarget.AddPlugin: Enabling plugin 'LightPropagationVolume' (referenced via default plugins)
UEBuildTarget.AddPlugin: Enabling plugin 'CameraShakePreviewer' (referenced via default plugins)
UEBuildTarget.AddPlugin: Enabling plugin 'AnimationSharing' (referenced via default plugins)
UEBuildTarget.AddPlugin: Enabling plugin 'SignificanceManager' (referenced via default plugins -> AnimationSharing.uplugin)
UEBuildTarget.AddPlugin: Enabling plugin 'CLionSourceCodeAccess' (referenced via default plugins)
UEBuildTarget.AddPlugin: Enabling plugin 'CodeLiteSourceCodeAccess' (referenced via default plugins)
UEBuildTarget.AddPlugin: Enabling plugin 'GitSourceControl' (referenced via default plugins)
UEBuildTarget.AddPlugin: Enabling plugin 'KDevelopSourceCodeAccess' (referenced via default plugins)
UEBuildTarget.AddPlugin: Enabling plugin 'NullSourceCodeAccess' (referenced via default plugins)
UEBuildTarget.AddPlugin: Enabling plugin 'PerforceSourceControl' (referenced via default plugins)
UEBuildTarget.AddPlugin: Enabling plugin 'PlasticSourceControl' (referenced via default plugins)
UEBuildTarget.AddPlugin: Enabling plugin 'PluginUtils' (referenced via default plugins)
UEBuildTarget.AddPlugin: Enabling plugin 'PropertyAccessNode' (referenced via default plugins)
UEBuildTarget.AddPlugin: Enabling plugin 'PropertyAccessEditor' (referenced via default plugins -> PropertyAccessNode.uplugin)
UEBuildTarget.AddPlugin: Enabling plugin 'RiderSourceCodeAccess' (referenced via default plugins)
UEBuildTarget.AddPlugin: Enabling plugin 'SubversionSourceControl' (referenced via default plugins)
UEBuildTarget.AddPlugin: Enabling plugin 'UObjectPlugin' (referenced via default plugins)
UEBuildTarget.AddPlugin: Enabling plugin 'VisualStudioCodeSourceCodeAccess' (referenced via default plugins)
UEBuildTarget.AddPlugin: Enabling plugin 'VisualStudioSourceCodeAccess' (referenced via default plugins)
UEBuildTarget.AddPlugin: Enabling plugin 'XCodeSourceCodeAccess' (referenced via default plugins)
UEBuildTarget.AddPlugin: Enabling plugin 'AssetManagerEditor' (referenced via default plugins)
UEBuildTarget.AddPlugin: Enabling plugin 'ContentBrowserAssetDataSource' (referenced via default plugins)
UEBuildTarget.AddPlugin: Enabling plugin 'ContentBrowserClassDataSource' (referenced via default plugins)
UEBuildTarget.AddPlugin: Enabling plugin 'CryptoKeys' (referenced via default plugins)
UEBuildTarget.AddPlugin: Enabling plugin 'CurveEditorTools' (referenced via default plugins)
UEBuildTarget.AddPlugin: Enabling plugin 'DataValidation' (referenced via default plugins)
UEBuildTarget.AddPlugin: Enabling plugin 'FacialAnimation' (referenced via default plugins)
UEBuildTarget.AddPlugin: Enabling plugin 'GameplayTagsEditor' (referenced via default plugins)
UEBuildTarget.AddPlugin: Enabling plugin 'GeometryMode' (referenced via default plugins)
UEBuildTarget.AddPlugin: Enabling plugin 'MacGraphicsSwitching' (referenced via default plugins)
UEBuildTarget.AddPlugin: Enabling plugin 'MaterialAnalyzer' (referenced via default plugins)
UEBuildTarget.AddPlugin: Enabling plugin 'MobileLauncherProfileWizard' (referenced via default plugins)
UEBuildTarget.AddPlugin: Enabling plugin 'PluginBrowser' (referenced via default plugins)
UEBuildTarget.AddPlugin: Enabling plugin 'SpeedTreeImporter' (referenced via default plugins)
UEBuildTarget.AddPlugin: Enabling plugin 'DatasmithContent' (referenced via default plugins)
UEBuildTarget.AddPlugin: Enabling plugin 'VariantManagerContent' (referenced via default plugins -> DatasmithContent.uplugin)
UEBuildTarget.AddPlugin: Enabling plugin 'AlembicImporter' (referenced via default plugins)
UEBuildTarget.AddPlugin: Enabling plugin 'GeometryCache' (referenced via default plugins -> AlembicImporter.uplugin)
UEBuildTarget.AddPlugin: Enabling plugin 'AutomationUtils' (referenced via default plugins)
UEBuildTarget.AddPlugin: Enabling plugin 'ScreenshotTools' (referenced via default plugins -> AutomationUtils.uplugin)
UEBuildTarget.AddPlugin: Enabling plugin 'BackChannel' (referenced via default plugins)
UEBuildTarget.AddPlugin: Enabling plugin 'ChaosClothEditor' (referenced via default plugins)
UEBuildTarget.AddPlugin: Enabling plugin 'ChaosCloth' (referenced via default plugins -> ChaosClothEditor.uplugin)
UEBuildTarget.AddPlugin: Enabling plugin 'ChaosEditor' (referenced via default plugins)
UEBuildTarget.AddPlugin: Enabling plugin 'PlanarCut' (referenced via default plugins -> ChaosEditor.uplugin)
UEBuildTarget.AddPlugin: Enabling plugin 'GeometryProcessing' (referenced via default plugins -> ChaosEditor.uplugin -> PlanarCut.uplugin)
UEBuildTarget.AddPlugin: Enabling plugin 'EditableMesh' (referenced via default plugins -> ChaosEditor.uplugin)
UEBuildTarget.AddPlugin: Enabling plugin 'GeometryCollectionPlugin' (referenced via default plugins -> ChaosEditor.uplugin)
UEBuildTarget.AddPlugin: Enabling plugin 'ProceduralMeshComponent' (referenced via default plugins -> ChaosEditor.uplugin -> GeometryCollectionPlugin.uplugin)
UEBuildTarget.AddPlugin: Enabling plugin 'ChaosSolverPlugin' (referenced via default plugins -> ChaosEditor.uplugin -> GeometryCollectionPlugin.uplugin)
UEBuildTarget.AddPlugin: Enabling plugin 'ChaosNiagara' (referenced via default plugins)
UEBuildTarget.AddPlugin: Enabling plugin 'Niagara' (referenced via default plugins -> ChaosNiagara.uplugin)
UEBuildTarget.AddPlugin: Enabling plugin 'CharacterAI' (referenced via default plugins)
UEBuildTarget.AddPlugin: Enabling plugin 'MotoSynth' (referenced via default plugins)
UEBuildTarget.AddPlugin: Enabling plugin 'ProxyLODPlugin' (referenced via default plugins)
UEBuildTarget.AddPlugin: Enabling plugin 'SkeletalReduction' (referenced via default plugins)
UEBuildTarget.AddPlugin: Enabling plugin 'LuminPlatformFeatures' (referenced via default plugins)
UEBuildTarget.AddPlugin: Enabling plugin 'MLSDK' (referenced via default plugins -> LuminPlatformFeatures.uplugin)
LuminSDKVersionHelper.HasAnySDK: *** Unable to determine MLSDK location ***
UEBuildTarget.AddPlugin: Enabling plugin 'MagicLeapMedia' (referenced via default plugins)
UEBuildTarget.AddPlugin: Enabling plugin 'MagicLeap' (referenced via default plugins -> MagicLeapMedia.uplugin)
UEBuildTarget.AddPlugin: Enabling plugin 'MagicLeapPassableWorld' (referenced via default plugins -> MagicLeapMedia.uplugin -> MagicLeap.uplugin)
UEBuildTarget.AddPlugin: Enabling plugin 'MagicLeapLightEstimation' (referenced via default plugins -> MagicLeapMedia.uplugin -> MagicLeap.uplugin)
UEBuildTarget.AddPlugin: Enabling plugin 'AndroidMedia' (referenced via default plugins)
UEBuildTarget.AddPlugin: Enabling plugin 'AvfMedia' (referenced via default plugins)
UEBuildTarget.AddPlugin: Enabling plugin 'ImgMedia' (referenced via default plugins)
UEBuildTarget.AddPlugin: Enabling plugin 'MediaCompositing' (referenced via default plugins)
UEBuildTarget.AddPlugin: Enabling plugin 'MediaPlayerEditor' (referenced via default plugins)
UEBuildTarget.AddPlugin: Enabling plugin 'WmfMedia' (referenced via default plugins)
UEBuildTarget.AddPlugin: Enabling plugin 'MeshPainting' (referenced via default plugins)
UEBuildTarget.AddPlugin: Enabling plugin 'TcpMessaging' (referenced via default plugins)
UEBuildTarget.AddPlugin: Enabling plugin 'UdpMessaging' (referenced via default plugins)
UEBuildTarget.AddPlugin: Enabling plugin 'ActorSequence' (referenced via default plugins)
UEBuildTarget.AddPlugin: Enabling plugin 'LevelSequenceEditor' (referenced via default plugins)
UEBuildTarget.AddPlugin: Enabling plugin 'MatineeToLevelSequence' (referenced via default plugins)
UEBuildTarget.AddPlugin: Enabling plugin 'TemplateSequence' (referenced via default plugins -> MatineeToLevelSequence.uplugin)
UEBuildTarget.AddPlugin: Enabling plugin 'OnlineSubsystemGooglePlay' (referenced via default plugins)
UEBuildTarget.AddPlugin: Enabling plugin 'AndroidPermission' (referenced via default plugins -> OnlineSubsystemGooglePlay.uplugin)
UEBuildTarget.AddPlugin: Enabling plugin 'OnlineSubsystemIOS' (referenced via default plugins)
UEBuildTarget.AddPlugin: Enabling plugin 'LauncherChunkInstaller' (referenced via default plugins)
UEBuildTarget.AddPlugin: Enabling plugin 'ActorLayerUtilities' (referenced via default plugins)
UEBuildTarget.AddPlugin: Enabling plugin 'AndroidDeviceProfileSelector' (referenced via default plugins)
UEBuildTarget.AddPlugin: Enabling plugin 'AndroidMoviePlayer' (referenced via default plugins)
UEBuildTarget.AddPlugin: Enabling plugin 'AppleImageUtils' (referenced via default plugins)
UEBuildTarget.AddPlugin: Enabling plugin 'AppleMoviePlayer' (referenced via default plugins)
UEBuildTarget.AddPlugin: Enabling plugin 'ArchVisCharacter' (referenced via default plugins)
UEBuildTarget.AddPlugin: Enabling plugin 'AssetTags' (referenced via default plugins)
UEBuildTarget.AddPlugin: Enabling plugin 'AudioCapture' (referenced via default plugins)
UEBuildTarget.AddPlugin: Enabling plugin 'CableComponent' (referenced via default plugins)
UEBuildTarget.AddPlugin: Enabling plugin 'ChunkDownloader' (referenced via default plugins)
UEBuildTarget.AddPlugin: Enabling plugin 'CustomMeshComponent' (referenced via default plugins)
UEBuildTarget.AddPlugin: Enabling plugin 'ExampleDeviceProfileSelector' (referenced via default plugins)
UEBuildTarget.AddPlugin: Enabling plugin 'GoogleCloudMessaging' (referenced via default plugins)
UEBuildTarget.AddPlugin: Enabling plugin 'GooglePAD' (referenced via default plugins)
UEBuildTarget.AddPlugin: Enabling plugin 'IOSDeviceProfileSelector' (referenced via default plugins)
UEBuildTarget.AddPlugin: Enabling plugin 'LinuxDeviceProfileSelector' (referenced via default plugins)
UEBuildTarget.AddPlugin: Enabling plugin 'LocationServicesBPLibrary' (referenced via default plugins)
UEBuildTarget.AddPlugin: Enabling plugin 'MobilePatchingUtils' (referenced via default plugins)
UEBuildTarget.AddPlugin: Enabling plugin 'OculusVR' (referenced via default plugins)
UEBuildTarget.AddPlugin: Enabling plugin 'PhysXVehicles' (referenced via default plugins)
UEBuildTarget.AddPlugin: Enabling plugin 'PostSplashScreen' (referenced via default plugins)
UEBuildTarget.AddPlugin: Enabling plugin 'RuntimePhysXCooking' (referenced via default plugins)
UEBuildTarget.AddPlugin: Enabling plugin 'SoundFields' (referenced via default plugins)
UEBuildTarget.AddPlugin: Enabling plugin 'SteamVR' (referenced via default plugins)
UEBuildTarget.AddPlugin: Enabling plugin 'WebMMoviePlayer' (referenced via default plugins)
UEBuildTarget.AddPlugin: Enabling plugin 'WebMMedia' (referenced via default plugins -> WebMMoviePlayer.uplugin)
UEBuildTarget.AddPlugin: Enabling plugin 'WindowsMoviePlayer' (referenced via default plugins)
UEBuildTarget.AddPlugin: Enabling plugin 'XGEController' (referenced via default plugins)
VCToolChain..ctor: Compiler: H:\Program Files (x86)\Microsoft Visual Studio\2019\Professional\VC\Tools\MSVC\14.28.29333\bin\HostX64\x64\cl.exe
VCToolChain..ctor: Linker: H:\Program Files (x86)\Microsoft Visual Studio\2019\Professional\VC\Tools\MSVC\14.28.29333\bin\HostX64\x64\link.exe
VCToolChain..ctor: Library Manager: H:\Program Files (x86)\Microsoft Visual Studio\2019\Professional\VC\Tools\MSVC\14.28.29333\bin\HostX64\x64\lib.exe
VCToolChain..ctor: Resource Compiler: H:\Windows Kits\10\bin\10.0.18362.0\x64\rc.exe
Utils.WriteFileIfChanged: Updating G:\ShooterGame\Intermediate\Build\Win64\UE4Editor\Development\ShooterGame\PCH.ShooterGame.h: contents have changed. Saving previous version to G:\ShooterGame\Intermediate\Build\Win64\UE4Editor\Development\ShooterGame\PCH.ShooterGame.h.old.
Utils.WriteFileIfChanged: Updating G:\ShooterGame\Intermediate\Build\Win64\UE4Editor\Development\ShooterGameLoadingScreen\Definitions.ShooterGameLoadingScreen.h: contents have changed. Saving previous version to G:\ShooterGame\Intermediate\Build\Win64\UE4Editor\Development\ShooterGameLoadingScreen\Definitions.ShooterGameLoadingScreen.h.old.
ProgressWriter.Write: @progress 'Binding IntelliSense data...' 100%
Log.PushStatus: Writing project files...
ProgressWriter.Write: @progress 'Writing project files...' 0%
ProgressWriter.Write: @progress 'Writing project files...' 33%
ProgressWriter.Write: @progress 'Writing project files...' 67%
ProgressWriter.Write: @progress 'Writing project files...' 100%
Timeline.Print: Timeline:
Timeline.Print: 
Timeline.Print: [ 0.000]
Timeline.Print: [ 0.000](+0.237) <unknown>
Timeline.Print: [ 0.237](+0.111) XmlConfig.ReadConfigFiles()
Timeline.Print: [ 0.348](+0.000) SingleInstanceMutex.Acquire()
Timeline.Print: [ 0.348](+0.051) UEBuildPlatform.RegisterPlatforms()
Timeline.Print:   0.349          [ 0.000](+0.026) Initializing InstalledPlatformInfo
Timeline.Print:   0.376          [ 0.027](+0.000) Querying types
Timeline.Print:   0.377          [ 0.028](+0.001) MacPlatformFactory
Timeline.Print:   0.379          [ 0.030](+0.000) TVOSPlatformFactory
Timeline.Print:   0.379          [ 0.030](+0.014) AndroidPlatformFactory
Timeline.Print:   0.393          [ 0.044](+0.000) HoloLensPlatformFactory
Timeline.Print:   0.393          [ 0.045](+0.001) IOSPlatformFactory
Timeline.Print:   0.395          [ 0.047](+0.003) LinuxPlatformFactory
Timeline.Print:   0.399          [ 0.050](+0.000) LuminPlatformFactory
Timeline.Print:   0.399          [ 0.051](+0.000) WindowsPlatformFactory
Timeline.Print: [ 0.400](+0.570) <unknown>
Timeline.Print: [ 0.971](+0.004) Finding engine modules
Timeline.Print: [ 0.975](+0.002) Finding plugin modules
Timeline.Print: [ 0.978](+0.434) <unknown>
Timeline.Print: [ 1.412](+0.000) Finding program modules
Timeline.Print: [ 1.412](+0.000) Finding program targets
Timeline.Print: [ 1.412](+0.297) <unknown>
Timeline.Print: [ 1.709](+0.189) Compiling rules assembly (ShooterGameModuleRules.dll)
Timeline.Print: [ 1.899](+0.652) <unknown>
Timeline.Print: [ 2.552](+0.000) RulesCompiler.CreateTargetRulesAssembly()
Timeline.Print: [ 2.552](+0.000) RulesAssembly.CreateTargetRules()
Timeline.Print: [ 2.560](+0.004) UEBuildTarget constructor
Timeline.Print: [ 2.564](+1.371) UEBuildTarget.PreBuildSetup()
Timeline.Print: [ 3.936](+0.529) <unknown>
Timeline.Print: [ 4.465](+0.000) RulesCompiler.CreateTargetRulesAssembly()
Timeline.Print: [ 4.465](+0.001) RulesAssembly.CreateTargetRules()
Timeline.Print: [ 4.468](+0.056) UEBuildTarget constructor
Timeline.Print:   4.468          [ 0.000](+0.056) Reading source file metadata cache
Timeline.Print: [ 4.524](+0.149) UEBuildTarget.PreBuildSetup()
Timeline.Print: [ 4.674](+3.753) <unknown>
Timeline.Print: [ 8.428](+0.000) FileMetadataPrefetch.Stop()
Timeline.Print: [ 8.430]
