  Creating makefile for ShooterGameEditor (no existing makefile)
  Parsing headers for ShooterGameEditor
    Running UnrealHeaderTool "G:\射击游戏\射击游戏.uproject" "G:\射击游戏\Intermediate\Build\Win64\ShooterGameEditor\Development\ShooterGameEditor.uhtmanifest" -LogCmds="loginit warning, logexit warning, logdatabase error" -Unattended -WarningsAsErrors -abslog="C:\Users\robertggwu\AppData\Local\UnrealBuildTool\Log_UHT.txt" -installed
  Reflection code generated for ShooterGameEditor in 75.2759567 seconds
  Building ShooterGameEditor...
  Using Visual Studio 2019 14.28.29335 toolchain (H:\Program Files (x86)\Microsoft Visual Studio\2019\Professional\VC\Tools\MSVC\14.28.29333) and Windows 10.0.18362.0 SDK (H:\Windows Kits\10).
  [Upgrade]
  [Upgrade] Using backward-compatible build settings. The latest version of UE4 sets the following values by default, which may require code changes:
  [Upgrade]     bLegacyPublicIncludePaths = false                 => Omits subfolders from public include paths to reduce compiler command line length. (Previously: true).
  [Upgrade]     ShadowVariableWarningLevel = WarningLevel.Error   => Treats shadowed variable warnings as errors. (Previously: WarningLevel.Warning).
  [Upgrade]     PCHUsage = PCHUsageMode.UseExplicitOrSharedPCHs   => Set in build.cs files to enables IWYU-style PCH model. See https://docs.unrealengine.com/en-US/Programming/BuildTools/UnrealBuildTool/IWYU/index.html. (Previously: PCHUsageMode.UseSharedPCHs).
  [Upgrade] Suppress this message by setting 'DefaultBuildSettings = BuildSettingsVersion.V2;' in ShooterGameEditor.Target.cs, and explicitly overriding settings that differ from the new defaults.
  [Upgrade]
  Building 14 actions with 8 processes...
    [1/14] Default.rc2
    [2/14] ShooterGame.rc
    [3/14] SharedPCH.Slate.cpp
c1xx : fatal error C1083: 无法打开编译器中间文件: “G:\灏勫嚮娓告垙\Intermediate\Build\Win64\ShooterGameEditor\Development\Slate\SharedPCH.Slate.h.pch”: No such file or directory
    [4/14] PCH.ShooterGame.cpp
c1xx : fatal error C1083: 无法打开编译器中间文件: “G:\灏勫嚮娓告垙\Intermediate\Build\Win64\UE4Editor\Development\ShooterGame\PCH.ShooterGame.h.pch”: No such file or directory
H:\Program Files (x86)\Microsoft Visual Studio\2017\Professional\Common7\IDE\VC\VCTargets\Microsoft.MakeFile.Targets(44,5): error MSB3073: 命令“"F:\Program Files\Epic Games\UE_4.26\Engine\Build\BatchFiles\Build.bat" ShooterGameEditor Win64 Development -Project="G:\射击游戏\射击游戏.uproject" -WaitMutex -FromMsBuild”已退出，代码为 6。
